2012/04/16 10:14:46 [error] [exception.CHttpException.404] exception 'CHttpException' with message 'The system is unable to find the requested action "login".' in /home/hosting/betasite/nable20/framework/web/CController.php:484
Stack trace:
#0 /home/hosting/betasite/nable20/framework/web/CController.php(271): CController->missingAction('login')
#1 /home/hosting/betasite/nable20/framework/web/CWebApplication.php(276): CController->run('login')
#2 /home/hosting/betasite/nable20/framework/web/CWebApplication.php(135): CWebApplication->runController('site/login')
#3 /home/hosting/betasite/nable20/framework/base/CApplication.php(162): CWebApplication->processRequest()
#4 /home/hosting/betasite/nable20/www/index.php(13): CApplication->run()
#5 {main}
REQUEST_URI=/login
HTTP_REFERER=http://nable20.test.nable.ru/contact
---
2012/04/16 10:14:49 [error] [exception.CHttpException.404] exception 'CHttpException' with message 'The system is unable to find the requested action "contact".' in /home/hosting/betasite/nable20/framework/web/CController.php:484
Stack trace:
#0 /home/hosting/betasite/nable20/framework/web/CController.php(271): CController->missingAction('contact')
#1 /home/hosting/betasite/nable20/framework/web/CWebApplication.php(276): CController->run('contact')
#2 /home/hosting/betasite/nable20/framework/web/CWebApplication.php(135): CWebApplication->runController('site/contact')
#3 /home/hosting/betasite/nable20/framework/base/CApplication.php(162): CWebApplication->processRequest()
#4 /home/hosting/betasite/nable20/www/index.php(13): CApplication->run()
#5 {main}
REQUEST_URI=/contact
HTTP_REFERER=http://nable20.test.nable.ru/page?view=about
---
2012/04/16 10:14:51 [error] [exception.CHttpException.404] exception 'CHttpException' with message 'The system is unable to find the requested action "login".' in /home/hosting/betasite/nable20/framework/web/CController.php:484
Stack trace:
#0 /home/hosting/betasite/nable20/framework/web/CController.php(271): CController->missingAction('login')
#1 /home/hosting/betasite/nable20/framework/web/CWebApplication.php(276): CController->run('login')
#2 /home/hosting/betasite/nable20/framework/web/CWebApplication.php(135): CWebApplication->runController('site/login')
#3 /home/hosting/betasite/nable20/framework/base/CApplication.php(162): CWebApplication->processRequest()
#4 /home/hosting/betasite/nable20/www/index.php(13): CApplication->run()
#5 {main}
REQUEST_URI=/login
HTTP_REFERER=http://nable20.test.nable.ru/contact
---
